<?xml version="1.0" encoding="UTF-8"?>
<testng-results ignored="0" total="1" passed="1" failed="0" skipped="0">
  <reporter-output>
  </reporter-output>
  <suite started-at="2020-09-26T22:01:10 CEST" name="Suite" finished-at="2020-09-26T22:01:31 CEST" duration-ms="21168">
    <groups>
    </groups>
    <test started-at="2020-09-26T22:01:10 CEST" name="Search_behavior_chorme" finished-at="2020-09-26T22:01:31 CEST" duration-ms="21168">
      <class name="com.qa.tests.SearchTest">
        <test-method is-config="true" signature="beforeTest(java.lang.String)[pri:0, instance:com.qa.tests.SearchTest@78aab498]" started-at="2020-09-26T22:01:10 CEST" name="beforeTest" finished-at="2020-09-26T22:01:27 CEST" duration-ms="16794" status="PASS">
          <params>
            <param index="0">
              <value>
                <![CDATA[chrome]]>
              </value>
            </param>
          </params>
          <reporter-output>
          </reporter-output>
        </test-method> <!-- beforeTest -->
        <test-method is-config="true" signature="beforeMethod()[pri:0, instance:com.qa.tests.SearchTest@78aab498]" started-at="2020-09-26T22:01:27 CEST" name="beforeMethod" finished-at="2020-09-26T22:01:27 CEST" duration-ms="902" status="PASS">
          <reporter-output>
          </reporter-output>
        </test-method> <!-- beforeMethod -->
        <test-method signature="searchPizza()[pri:0, instance:com.qa.tests.SearchTest@78aab498]" started-at="2020-09-26T22:01:27 CEST" name="searchPizza" finished-at="2020-09-26T22:01:30 CEST" duration-ms="2920" status="PASS">
          <reporter-output>
          </reporter-output>
        </test-method> <!-- searchPizza -->
      </class> <!-- com.qa.tests.SearchTest -->
    </test> <!-- Search_behavior_chorme -->
  </suite> <!-- Suite -->
</testng-results>
